2025-12-01 15:49:35,998 ERROR __init__.py:251 {'error': OperationalError('(cymysql.err.OperationalError) (1045, "Access denied for user \'root\'@\'localhost\' (using password: YES)")'), 'path': '/v2/label', 'args': {}, 'data': None}
2025-12-01 15:49:36,131 ERROR __init__.py:251 {'error': OperationalError('(cymysql.err.OperationalError) (1045, "Access denied for user \'root\'@\'localhost\' (using password: YES)")'), 'path': '/v2/topic', 'args': {'page': '1', 'size': '16'}, 'data': None}
2025-12-01 15:50:04,000 ERROR mind.py:414 mind meta error: (cymysql.err.OperationalError) (1045, "Access denied for user 'root'@'localhost' (using password: YES)")
(Background on this error at: http://sqlalche.me/e/13/e3q8)
2025-12-01 15:50:04,164 WARNING mind.py:232 mind list fallback: (cymysql.err.OperationalError) (1045, "Access denied for user 'root'@'localhost' (using password: YES)")
(Background on this error at: http://sqlalche.me/e/13/e3q8)
2025-12-01 16:02:39,155 WARNING mind.py:232 mind list fallback: (cymysql.err.OperationalError) (1045, "Access denied for user 'root'@'localhost' (using password: YES)")
(Background on this error at: http://sqlalche.me/e/13/e3q8)
2025-12-01 16:04:14,015 WARNING mind.py:232 mind list fallback: (cymysql.err.OperationalError) (1045, "Access denied for user 'root'@'localhost' (using password: YES)")
(Background on this error at: http://sqlalche.me/e/13/e3q8)
2025-12-01 16:09:20,089 WARNING mind.py:232 mind list fallback: (cymysql.err.OperationalError) (1045, "Access denied for user 'root'@'localhost' (using password: YES)")
(Background on this error at: http://sqlalche.me/e/13/e3q8)
2025-12-01 16:36:23,007 WARNING mind.py:232 mind list fallback: (cymysql.err.OperationalError) (1045, "Access denied for user 'root'@'localhost' (using password: YES)")
(Background on this error at: http://sqlalche.me/e/13/e3q8)
2025-12-01 16:48:08,994 ERROR __init__.py:251 {'error': OperationalError('(cymysql.err.OperationalError) (1045, "Access denied for user \'root\'@\'localhost\' (using password: YES)")'), 'path': '/v2/label', 'args': {}, 'data': None}
2025-12-01 16:48:09,106 ERROR __init__.py:251 {'error': OperationalError('(cymysql.err.OperationalError) (1045, "Access denied for user \'root\'@\'localhost\' (using password: YES)")'), 'path': '/v2/topic', 'args': {'page': '1', 'size': '16'}, 'data': None}
2025-12-01 16:48:09,190 ERROR mind.py:414 mind meta error: (cymysql.err.OperationalError) (1045, "Access denied for user 'root'@'localhost' (using password: YES)")
(Background on this error at: http://sqlalche.me/e/13/e3q8)
2025-12-01 16:48:09,259 WARNING mind.py:232 mind list fallback: (cymysql.err.OperationalError) (1045, "Access denied for user 'root'@'localhost' (using password: YES)")
(Background on this error at: http://sqlalche.me/e/13/e3q8)
2025-12-01 16:48:22,537 WARNING mind.py:280 mind detail fallback: (cymysql.err.OperationalError) (1045, "Access denied for user 'root'@'localhost' (using password: YES)")
(Background on this error at: http://sqlalche.me/e/13/e3q8)
2025-12-01 16:48:27,086 WARNING lbs_service.py:231 LBS查询失败: {'status': 311, 'message': 'key格式错误', 'request_id': 'ef034c70f5914f1e9b70e7e72df72fdb'}
2025-12-01 16:48:29,701 WARNING mind.py:280 mind detail fallback: (cymysql.err.OperationalError) (1045, "Access denied for user 'root'@'localhost' (using password: YES)")
(Background on this error at: http://sqlalche.me/e/13/e3q8)
2025-12-01 16:48:34,147 WARNING lbs_service.py:231 LBS查询失败: {'status': 311, 'message': 'key格式错误', 'request_id': 'f2f23744ee5843878a3aef75bed57f8d'}
2025-12-01 17:02:53,276 WARNING lbs_service.py:231 LBS查询失败: {'status': 311, 'message': 'key格式错误', 'request_id': '2ccef08eb86e4b289687295b6873a212'}
2025-12-01 17:03:04,240 WARNING lbs_service.py:231 LBS查询失败: {'status': 311, 'message': 'key格式错误', 'request_id': '6baf4ddc071d4d3a96f738d3b259a14a'}
2025-12-01 17:03:13,552 WARNING lbs_service.py:231 LBS查询失败: {'status': 311, 'message': 'key格式错误', 'request_id': '8cab152152fe4f3292153c70d3d9df6b'}
2025-12-01 17:03:49,990 WARNING lbs_service.py:231 LBS查询失败: {'status': 311, 'message': 'key格式错误', 'request_id': '3efa0a61e9e34c61acb0f2ef2495dda8'}
2025-12-01 17:04:07,537 WARNING lbs_service.py:231 LBS查询失败: {'status': 311, 'message': 'key格式错误', 'request_id': '8bd3364022474023bb98d6e0c8034084'}
2025-12-01 17:04:23,654 WARNING lbs_service.py:231 LBS查询失败: {'status': 311, 'message': 'key格式错误', 'request_id': 'b269acbf1c9a479eaba7bc7d89d0848d'}
2025-12-01 17:08:38,631 WARNING lbs_service.py:231 LBS查询失败: {'status': 311, 'message': 'key格式错误', 'request_id': '091c97b8066c471bad7b56c4e8ad183e'}
2025-12-01 17:10:36,480 WARNING lbs_service.py:231 LBS查询失败: {'status': 311, 'message': 'key格式错误', 'request_id': '2f21a853f0f0470aafba2a8717024ff8'}
2025-12-01 17:49:18,523 ERROR __init__.py:251 {'error': OperationalError('(cymysql.err.OperationalError) (1045, "Access denied for user \'root\'@\'localhost\' (using password: YES)")'), 'path': '/v2/label', 'args': {}, 'data': None}
2025-12-01 17:49:18,606 ERROR __init__.py:251 {'error': OperationalError('(cymysql.err.OperationalError) (1045, "Access denied for user \'root\'@\'localhost\' (using password: YES)")'), 'path': '/v2/topic', 'args': {'page': '1', 'size': '16'}, 'data': None}
2025-12-01 17:49:21,883 ERROR mind.py:414 mind meta error: (cymysql.err.OperationalError) (1045, "Access denied for user 'root'@'localhost' (using password: YES)")
(Background on this error at: http://sqlalche.me/e/13/e3q8)
2025-12-01 17:49:21,951 WARNING mind.py:232 mind list fallback: (cymysql.err.OperationalError) (1045, "Access denied for user 'root'@'localhost' (using password: YES)")
(Background on this error at: http://sqlalche.me/e/13/e3q8)
2025-12-01 17:53:42,662 WARNING lbs_service.py:231 LBS查询失败: {'status': 311, 'message': 'key格式错误', 'request_id': '31d8959aaf664c1b988398d258f39ff0'}
