2025-11-03 16:57:31,101 ERROR __init__.py:202 {'error': TypeError('cannot unpack non-iterable NoneType object'), 'path': '/v2/topic/undefined', 'args': {}, 'data': None}
2025-11-03 18:34:07,337 ERROR __init__.py:202 {'error': ProxyError(MaxRetryError("HTTPSConnectionPool(host='thirdwx.qlogo.cn', port=443): Max retries exceeded with url: /mmopen/vi_32/POgEwh4mIHO4nibH0KlMECNjjGxQUq24ZEaGT4poC6icRiccVGKSyXwibcPq4BWmiaIGuG1icwxaQX6grC9VemZoJ8rg/132 (Caused by ProxyError('Cannot connect to proxy.', RemoteDisconnected('Remote end closed connection without response')))")), 'path': '/v2/auth/initiative', 'args': {}, 'data': {'encrypted_data': 'cH63uMX9Yqssah/Ku5dxcC5hnzSUf1DPniKyYUqK6zhIWGmhjfhT4ewkLd8K7Ifl96u/R05wUGgsoKJLFFeTJjeonJEL8+egNJhi08Xhh3tanIA6nnbaGS76BAxisvPtO5e+a/3mDHTVsQpkaV3h2WJx4iUASXbO4/PJOTKj0idJj6ZBVVyUouinYg2x4fO5nYCy+P+ZdAg/FwMOPVhjn/j9zIK7R4yXqDF/JQDJJX+D5z2lhed/aXWktVhYLw91p1rrQ8UtE6wq9I6JN9lpCn9FKE5VGM2KrIgFK/D7xYDI8jeuZQmgK3ZNzuj8vcj5CDX96ecq+CkoKNHMXxBz0uilxPLx86yeQInAFzuTZLokeoN4px6R4yZe04lgqPJkMkpw52YTNfpGgmY3N9swx4i7iN05ivlDy6xxa6UyZom60VzT3UeTlJ6vlDV17ZCq', 'iv': 'aYHS9iJIhztOA85rnkmMqA==', 'code': '0a1YGlGa1fhjBK01E8Ha1XHl7u1YGlGA', 'app_id': 'wx71dbe0db18ff0c4f'}}
2025-11-03 20:09:50,014 ERROR oss.py:46 七牛云上传文件异常: "Please check your BUCKET_NAME! The UpHosts is {'error': 'no such bucket'}"
2025-11-03 20:09:50,609 ERROR oss.py:46 七牛云上传文件异常: "Please check your BUCKET_NAME! The UpHosts is {'error': 'no such bucket'}"
2025-11-03 20:09:51,498 ERROR oss.py:46 七牛云上传文件异常: "Please check your BUCKET_NAME! The UpHosts is {'error': 'no such bucket'}"
2025-11-03 20:09:52,771 ERROR oss.py:46 七牛云上传文件异常: "Please check your BUCKET_NAME! The UpHosts is {'error': 'no such bucket'}"
2025-11-03 20:09:53,425 ERROR oss.py:46 七牛云上传文件异常: "Please check your BUCKET_NAME! The UpHosts is {'error': 'no such bucket'}"
2025-11-03 20:09:54,145 ERROR oss.py:46 七牛云上传文件异常: "Please check your BUCKET_NAME! The UpHosts is {'error': 'no such bucket'}"
2025-11-03 20:09:54,902 ERROR oss.py:46 七牛云上传文件异常: "Please check your BUCKET_NAME! The UpHosts is {'error': 'no such bucket'}"
2025-11-03 20:09:55,940 ERROR oss.py:46 七牛云上传文件异常: "Please check your BUCKET_NAME! The UpHosts is {'error': 'no such bucket'}"
2025-11-03 21:11:33,668 ERROR lbs_service.py:187 LBS查询异常: HTTPSConnectionPool(host='apis.map.qq.com', port=443): Max retries exceeded with url: /ws/place/v1/search?keyword=%E5%BF%83%E7%90%86%E5%92%A8%E8%AF%A2&boundary=nearby%2830.49984%2C114.34253%2C5000%29&page_size=20&page_index=1&key=xxx (Caused by ProxyError('Cannot connect to proxy.', timeout('_ssl.c:1059: The handshake operation timed out')))
2025-11-03 21:17:50,322 WARNING lbs_service.py:159 LBS查询失败: {'status': 311, 'message': 'key格式错误', 'request_id': '8269165054e24d809ff7c612436ef269'}
2025-11-03 21:18:36,176 WARNING lbs_service.py:159 LBS查询失败: {'status': 311, 'message': 'key格式错误', 'request_id': '2d0f213320df421db38808c5585cfd72'}
2025-11-03 21:19:03,331 WARNING lbs_service.py:159 LBS查询失败: {'status': 311, 'message': 'key格式错误', 'request_id': '136956b8285c465b8dbcae719c2b08b5'}
2025-11-03 21:22:52,334 WARNING lbs_service.py:159 LBS查询失败: {'status': 311, 'message': 'key格式错误', 'request_id': '9699855e62d442aea23a710776f428b6'}
2025-11-03 21:39:41,897 ERROR __init__.py:202 {'error': InternalError('(cymysql.err.InternalError) (1054, "Unknown column \'topic.emotion_label_id\' in \'field list\'")'), 'path': '/v2/topic', 'args': {'page': '1', 'size': '16'}, 'data': None}
2025-11-03 21:40:11,623 ERROR __init__.py:202 {'error': InternalError('(cymysql.err.InternalError) (1054, "Unknown column \'topic.emotion_label_id\' in \'field list\'")'), 'path': '/v2/topic', 'args': {'page': '1', 'size': '16'}, 'data': None}
2025-11-03 21:40:21,314 ERROR __init__.py:202 {'error': InternalError('(cymysql.err.InternalError) (1054, "Unknown column \'topic.emotion_label_id\' in \'field list\'")'), 'path': '/v2/topic', 'args': {'page': '1', 'size': '16'}, 'data': None}
2025-11-03 21:40:22,198 ERROR __init__.py:202 {'error': InternalError('(cymysql.err.InternalError) (1054, "Unknown column \'topic.emotion_label_id\' in \'field list\'")'), 'path': '/v2/topic', 'args': {'page': '1', 'size': '16'}, 'data': None}
2025-11-03 21:42:57,989 ERROR __init__.py:202 {'error': InternalError('(cymysql.err.InternalError) (1054, "Unknown column \'topic.emotion_label_id\' in \'field list\'")'), 'path': '/v2/topic', 'args': {'page': '1', 'size': '16'}, 'data': None}
2025-11-03 22:23:16,407 ERROR oss.py:46 七牛云上传文件异常: "Please check your BUCKET_NAME! The UpHosts is {'error': 'no such bucket'}"
2025-11-03 23:11:29,403 ERROR __init__.py:205 {'error': ProxyError(MaxRetryError("HTTPSConnectionPool(host='thirdwx.qlogo.cn', port=443): Max retries exceeded with url: /mmopen/vi_32/POgEwh4mIHO4nibH0KlMECNjjGxQUq24ZEaGT4poC6icRiccVGKSyXwibcPq4BWmiaIGuG1icwxaQX6grC9VemZoJ8rg/132 (Caused by ProxyError('Cannot connect to proxy.', ConnectionResetError(10054, '远程主机强迫关闭了一个现有的连接。', None, 10054, None)))")), 'path': '/v2/auth/initiative', 'args': {}, 'data': {'encrypted_data': 'CxZwNXbollE2Xi8Yanh5oubp9ws2zfv/xTYIAk4FiW0cVdx/uwv435J73IReZKmSpBErrC5FqAqTnkRSYPbzLcg3ZeCr6fU0ltH5qkrftgEaKAhHdfWlhEx726Xismk1y3+uQgUBSmiklx1p/dAhEMrwGL990rAf83GqftCDUusocpHWOEyMcESko0hhAOoy6JP8RqfD/NexLvqjD+zG98P3288//ZFB4zjUijObdzzx6MBv4VY91VlPqCMeWAcudkXRAF+xqDOpOKx+uZJ/77M09sOX2W5PevY5cYB0quy3zEiL5B8+34IXw2HVsHQiWioYHRfRNW6k8L8WWeXk8RJQ3qIoQudCxe00Xdps1chAJh+tBoKhVoMX7azqJr+QSwZ7Rz/8L0NCuKCLLaeUNtoTHqmv4U7t3N396RZ8KiEiIN8RiHqd57QZUXXTgJsf', 'iv': 'IAYh5BRHvehYkFzoZ0QV4w==', 'code': '0f1cPi100HjXgV1KQh100cqccw3cPi1Q', 'app_id': 'wx71dbe0db18ff0c4f'}}
2025-11-03 23:11:33,348 ERROR oss.py:46 七牛云上传文件异常: "Please check your BUCKET_NAME! The UpHosts is {'error': 'no such bucket'}"
2025-11-03 23:37:27,166 ERROR __init__.py:205 {'error': ProxyError(MaxRetryError("HTTPSConnectionPool(host='thirdwx.qlogo.cn', port=443): Max retries exceeded with url: /mmopen/vi_32/POgEwh4mIHO4nibH0KlMECNjjGxQUq24ZEaGT4poC6icRiccVGKSyXwibcPq4BWmiaIGuG1icwxaQX6grC9VemZoJ8rg/132 (Caused by ProxyError('Cannot connect to proxy.', ConnectionResetError(10054, '远程主机强迫关闭了一个现有的连接。', None, 10054, None)))")), 'path': '/v2/auth/initiative', 'args': {}, 'data': {'encrypted_data': 'EhIVqGn3CFtJcrejjA+S7cQ50NRto+il3iVdtqlZbecZcNa1kmSUmyOSpuuGv9baHe9iZcTMoV1wuF2eNRbo0NWYUyi7b2lxzt6wA3joK8fEusiGc7A2s5aDiy5B/xClwgEWgrh54OpPWY/GRxvDXD4oOJkfULOVXvrusn+ydNrs9D9qkA+J7ixxpjJDFDXPDvPfeei9TQWqJNs85RmZ2f/TtMMDQaEVNn/bPEss3gp8VOCf/3uk/HHaGIP77/Y8PqRiWGl7uqAHC6WMag0+VCa6cMoRyDgxgEmJX1eUCB8x5090rwD081rKyDRUZ2/Q6mICQmOsg8gdSAGg96sMMKfMJpYVYci0GpbKWYVg7oWsIBH5nTJuz0eZAb7s2ntw7N6LC5m/Cn+TMI6rq2fA0Qe2ifZdeUYOa0C02MVuyqvS5v+eyxcsjlkdT9cX4usQ', 'iv': '+RXjxKwwHYLZebhmEbww3w==', 'code': '0a1UYMFa1nSOAK0rPWHa1MHxB01UYMFP', 'app_id': 'wx71dbe0db18ff0c4f'}}
2025-11-03 23:37:27,695 ERROR mp.py:103 微信接口调用异常: HTTPSConnectionPool(host='api.weixin.qq.com', port=443): Max retries exceeded with url: /sns/jscode2session?appid=wx71dbe0db18ff0c4f&secret=6f9d0fa42a982a74441256dda9bc7c31&js_code=0b1e3w1w3BTpW53QVz2w3OgTkG3e3w1Y&grant_type=authorization_code (Caused by ProxyError('Cannot connect to proxy.', ConnectionResetError(10054, '远程主机强迫关闭了一个现有的连接。', None, 10054, None)))
